<?xml version="1.0" encoding="UTF-8"?>
<testsuite errors="0" failures="0" name="application.tests.TestApi-20180108160650" skipped="0" tests="6" time="1.723">
	<testcase classname="application.tests.TestApi" name="test_getOrderInfo" time="0.902"/>
	<testcase classname="application.tests.TestApi" name="test_getOrderInfoError" time="0.259"/>
	<testcase classname="application.tests.TestApi" name="test_orderRequest" time="0.345"/>
	<testcase classname="application.tests.TestApi" name="test_serializerError" time="0.046"/>
	<testcase classname="application.tests.TestApi" name="test_setApiKey" time="0.004"/>
	<testcase classname="application.tests.TestApi" name="test_worldpayError" time="0.167"/>
	<system-out>
<![CDATA[]]>	</system-out>
	<system-err>
<![CDATA[]]>	</system-err>
</testsuite>
