<?xml version="1.0" encoding="UTF-8"?>
<testsuite errors="0" failures="0" name="application.tests.TestApi-20180108100600" skipped="0" tests="6" time="1.999">
	<testcase classname="application.tests.TestApi" name="test_getOrderInfo" time="0.885"/>
	<testcase classname="application.tests.TestApi" name="test_getOrderInfoError" time="0.265"/>
	<testcase classname="application.tests.TestApi" name="test_orderRequest" time="0.499"/>
	<testcase classname="application.tests.TestApi" name="test_serializerError" time="0.062"/>
	<testcase classname="application.tests.TestApi" name="test_setApiKey" time="0.000"/>
	<testcase classname="application.tests.TestApi" name="test_worldpayError" time="0.287"/>
	<system-out>
<![CDATA[]]>	</system-out>
	<system-err>
<![CDATA[]]>	</system-err>
</testsuite>
