<?xml version="1.0" encoding="UTF-8"?>
<testsuite errors="0" failures="0" name="application.tests.TestApi-20171222143640" skipped="0" tests="1" time="1.415">
	<testcase classname="application.tests.TestApi" name="test_api" time="1.415"/>
	<system-out>
<![CDATA[]]>	</system-out>
	<system-err>
<![CDATA[]]>	</system-err>
</testsuite>
