<?xml version="1.0" encoding="UTF-8"?>
<testsuite errors="0" failures="0" name="application.tests.TestApi-20180105172702" skipped="0" tests="5" time="1.385">
	<testcase classname="application.tests.TestApi" name="test_getOrderInfo" time="0.750"/>
	<testcase classname="application.tests.TestApi" name="test_orderRequest" time="0.401"/>
	<testcase classname="application.tests.TestApi" name="test_serializerError" time="0.047"/>
	<testcase classname="application.tests.TestApi" name="test_setApiKey" time="0.000"/>
	<testcase classname="application.tests.TestApi" name="test_worldpayError" time="0.187"/>
	<system-out>
<![CDATA[{'orderCode': '161dbaa0-a025-42fb-9e0d-c4597ac1c6b3', 'orderType': 'ECOM', 'token': 'TEST_SU_38bfa768-fa96-47c5-a56d-fd433c942bb3', 'creationDate': '2018-01-05T17:18:25.727+0000', 'paymentStatus': 'SUCCESS', 'modificationDate': '2018-01-05T17:18:25.789+0000', 'riskScore': {'value': '1'}, 'environment': 'TEST', 'orderDescription': 'Childminder Registration Fee', 'currencyCode': 'GBP', 'currencyCodeExponent': 2, 'paymentResponse': {'cardIssuer': 'METRO BANK PLC', 'cardSchemeName': 'MCI DEBIT', 'cardType': 'MASTERCARD_DEBIT', 'type': 'ObfuscatedCard', 'maskedCardNumber': '**** **** **** 5454', 'name': 'Mr Example Cardholder', 'prepaid': 'unknown', 'cardProductTypeDescNonContactless': 'Dr MasterCard EEA', 'countryCode': 'GB', 'cardClass': 'debit', 'cardProductTypeDescContactless': 'CL Dr MasterCard EEA', 'expiryYear': 2018, 'expiryMonth': 6, 'cardSchemeType': 'consumer'}, 'customerOrderCode': 'OFS-MORE-162738', 'history': [{'state': 'SUCCESS', 'currencyCode': 'GBP', 'modificationDate': '2018-01-05T17:18:25.803+0000', 'amount': 50000, 'currencyCodeExponent': 2}], 'resultCodes': {'cvcResultCode': 'APPROVED', 'avsResultCode': 'NOT_SUPPLIED_BY_SHOPPER'}, 'amount': 50000}
]]>	</system-out>
	<system-err>
<![CDATA[]]>	</system-err>
</testsuite>
