<?xml version="1.0" encoding="UTF-8"?>
<testsuite errors="0" failures="0" name="application.tests.TestApi-20171222160912" skipped="0" tests="4" time="1.615">
	<testcase classname="application.tests.TestApi" name="test_badOrderRequest" time="0.960"/>
	<testcase classname="application.tests.TestApi" name="test_badOrderRequest2" time="0.060"/>
	<testcase classname="application.tests.TestApi" name="test_orderRequest" time="0.588"/>
	<testcase classname="application.tests.TestApi" name="test_setApiKey" time="0.007"/>
	<system-out>
<![CDATA[]]>	</system-out>
	<system-err>
<![CDATA[]]>	</system-err>
</testsuite>
