<?xml version="1.0" encoding="UTF-8"?>
<testsuite errors="0" failures="1" name="application.tests.TestApi-20171222150544" skipped="0" tests="4" time="1.495">
	<testcase classname="application.tests.TestApi" name="test_badOrderRequest" time="0.783"/>
	<testcase classname="application.tests.TestApi" name="test_badOrderRequest2" time="0.057"/>
	<testcase classname="application.tests.TestApi" name="test_orderRequest" time="0.584"/>
	<testcase classname="application.tests.TestApi" name="test_setApiKey" time="0.071">
		<failure message="404 != 200" type="AssertionError">
<![CDATA[Traceback (most recent call last):
  File "C:\Users\stylesm\Desktop\test\OFS-MORE-Beta-Secured\source\payment_gateway\application\tests.py", line 71, in test_setApiKey
    self.assertEqual(response.status_code, 200)
AssertionError: 404 != 200
]]>		</failure>
	</testcase>
	<system-out>
<![CDATA[]]>	</system-out>
	<system-err>
<![CDATA[]]>	</system-err>
</testsuite>
