<?xml version="1.0" encoding="UTF-8"?>
<testsuite errors="0" failures="0" name="application.tests.TestApi-20171222144806" skipped="0" tests="3" time="1.565">
	<testcase classname="application.tests.TestApi" name="test_badOrderRequest" time="0.830"/>
	<testcase classname="application.tests.TestApi" name="test_badOrderRequest2" time="0.047"/>
	<testcase classname="application.tests.TestApi" name="test_orderRequest" time="0.688"/>
	<system-out>
<![CDATA[]]>	</system-out>
	<system-err>
<![CDATA[]]>	</system-err>
</testsuite>
