<?xml version="1.0" encoding="UTF-8"?>
<testsuite errors="0" failures="0" name="application.tests.TestApi-20171227160430" skipped="0" tests="4" time="1.367">
	<testcase classname="application.tests.TestApi" name="test_badOrderRequest" time="0.996"/>
	<testcase classname="application.tests.TestApi" name="test_badOrderRequest2" time="0.053"/>
	<testcase classname="application.tests.TestApi" name="test_orderRequest" time="0.312"/>
	<testcase classname="application.tests.TestApi" name="test_setApiKey" time="0.006"/>
	<system-out>
<![CDATA[]]>	</system-out>
	<system-err>
<![CDATA[]]>	</system-err>
</testsuite>
