<?xml version="1.0" encoding="UTF-8"?>
<testsuite errors="0" failures="1" name="application.tests.TestApi-20171222144355" skipped="0" tests="4" time="1.374">
	<testcase classname="application.tests.TestApi" name="test_badOrderRequest" time="0.781"/>
	<testcase classname="application.tests.TestApi" name="test_badOrderRequest2" time="0.047"/>
	<testcase classname="application.tests.TestApi" name="test_orderRequest" time="0.499"/>
	<testcase classname="application.tests.TestApi" name="test_badAPIOrderRequest" time="0.047">
		<failure message="404 != 200" type="AssertionError">
<![CDATA[Traceback (most recent call last):
  File "C:\Users\stylesm\Desktop\test\OFS-MORE-Beta-Secured\source\payment_gateway\application\tests.py", line 69, in test_badAPIOrderRequest
    self.assertEqual(response.status_code, 200)
AssertionError: 404 != 200
]]>		</failure>
	</testcase>
	<system-out>
<![CDATA[]]>	</system-out>
	<system-err>
<![CDATA[]]>	</system-err>
</testsuite>
