<?xml version="1.0" encoding="UTF-8"?>
<testsuite errors="0" failures="0" name="application.tests.TestApi-20180105171716" skipped="0" tests="4" time="1.366">
	<testcase classname="application.tests.TestApi" name="test_orderRequest" time="1.098"/>
	<testcase classname="application.tests.TestApi" name="test_serializerError" time="0.058"/>
	<testcase classname="application.tests.TestApi" name="test_setApiKey" time="0.004"/>
	<testcase classname="application.tests.TestApi" name="test_worldpayError" time="0.206"/>
	<system-out>
<![CDATA[]]>	</system-out>
	<system-err>
<![CDATA[]]>	</system-err>
</testsuite>
