<?xml version="1.0" encoding="UTF-8"?>
<testsuite errors="0" failures="0" name="application.tests.TestApi-20171222143824" skipped="0" tests="3" time="2.027">
	<testcase classname="application.tests.TestApi" name="test_badOrderRequest" time="1.112"/>
	<testcase classname="application.tests.TestApi" name="test_badOrderRequest2" time="0.031"/>
	<testcase classname="application.tests.TestApi" name="test_orderRequest" time="0.885"/>
	<system-out>
<![CDATA[]]>	</system-out>
	<system-err>
<![CDATA[]]>	</system-err>
</testsuite>
